0 verbose cli /opt/homebrew/Cellar/node/21.2.0/bin/node /opt/homebrew/lib/node_modules/npm/bin/npm-cli.js
1 info using npm@10.2.3
2 info using node@v21.2.0
3 timing npm:load:whichnode Completed in 1ms
4 timing config:load:defaults Completed in 1ms
5 timing config:load:file:/opt/homebrew/lib/node_modules/npm/npmrc Completed in 3ms
6 timing config:load:builtin Completed in 3ms
7 timing config:load:cli Completed in 1ms
8 timing config:load:env Completed in 0ms
9 timing config:load:file:/Users/SrujanKumar/github/engineering-docs/.npmrc Completed in 0ms
10 timing config:load:project Completed in 1ms
11 timing config:load:file:/Users/SrujanKumar/.npmrc Completed in 0ms
12 timing config:load:user Completed in 0ms
13 timing config:load:file:/opt/homebrew/etc/npmrc Completed in 0ms
14 timing config:load:global Completed in 0ms
15 timing config:load:setEnvs Completed in 1ms
16 timing config:load Completed in 7ms
17 timing npm:load:configload Completed in 7ms
18 timing config:load:flatten Completed in 1ms
19 timing npm:load:mkdirpcache Completed in 1ms
20 timing npm:load:mkdirplogs Completed in 0ms
21 verbose title npm exec markdownlint-cli2 **/*.md #node_modules #.git
22 verbose argv "exec" "--cache" "" "--yes" "--" "markdownlint-cli2" "**/*.md" "#node_modules" "#.git"
23 timing npm:load:setTitle Completed in 4ms
24 timing npm:load:display Completed in 0ms
25 verbose logfile logs-max:10 dir:/Users/SrujanKumar/github/engineering-docs/_logs/2026-06-06T16_18_21_592Z-
26 verbose logfile /Users/SrujanKumar/github/engineering-docs/_logs/2026-06-06T16_18_21_592Z-debug-0.log
27 timing npm:load:logFile Completed in 5ms
28 timing npm:load:timers Completed in 0ms
29 timing npm:load:configScope Completed in 0ms
30 timing npm:load Completed in 24ms
31 silly logfile done cleaning log files
32 timing arborist:ctor Completed in 1ms
33 timing arborist:ctor Completed in 0ms
34 http fetch GET 200 https://registry.npmjs.org/markdownlint-cli2 159ms (cache miss)
35 timing arborist:ctor Completed in 0ms
36 http fetch GET 200 https://registry.npmjs.org/npm 328ms (cache miss)
37 timing arborist:ctor Completed in 0ms
38 timing arborist:ctor Completed in 0ms
39 timing idealTree:init Completed in 2ms
40 timing idealTree:userRequests Completed in 0ms
41 silly idealTree buildDeps
42 silly fetch manifest markdownlint-cli2@0.22.1
43 http fetch GET 200 https://registry.npmjs.org/markdownlint-cli2 4ms (cache hit)
44 silly placeDep ROOT markdownlint-cli2@0.22.1 OK for:  want: 0.22.1
45 silly fetch manifest globby@16.2.0
46 silly fetch manifest js-yaml@4.1.1
47 silly fetch manifest jsonc-parser@3.3.1
48 silly fetch manifest jsonpointer@5.0.1
49 silly fetch manifest markdownlint@0.40.0
50 silly fetch manifest markdownlint-cli2-formatter-default@0.0.6
51 silly fetch manifest markdown-it@14.1.1
52 silly fetch manifest micromatch@4.0.8
53 silly fetch manifest smol-toml@1.6.1
54 http fetch GET 200 https://registry.npmjs.org/globby 54ms (cache miss)
55 http fetch GET 200 https://registry.npmjs.org/js-yaml 56ms (cache miss)
56 http fetch GET 200 https://registry.npmjs.org/markdownlint-cli2-formatter-default 186ms (cache miss)
57 http fetch GET 200 https://registry.npmjs.org/smol-toml 185ms (cache miss)
58 http fetch GET 200 https://registry.npmjs.org/jsonpointer 186ms (cache miss)
59 http fetch GET 200 https://registry.npmjs.org/jsonc-parser 188ms (cache miss)
60 http fetch GET 200 https://registry.npmjs.org/micromatch 188ms (cache miss)
61 http fetch GET 200 https://registry.npmjs.org/markdownlint 190ms (cache miss)
62 http fetch GET 200 https://registry.npmjs.org/markdown-it 191ms (cache miss)
63 timing idealTree:#root Completed in 200ms
64 silly fetch manifest markdownlint-cli2@>=0.0.4
65 silly placeDep ROOT globby@16.2.0 OK for: markdownlint-cli2@0.22.1 want: 16.2.0
66 silly fetch manifest @sindresorhus/merge-streams@^4.0.0
67 silly fetch manifest fast-glob@^3.3.3
68 silly fetch manifest ignore@^7.0.5
69 silly fetch manifest is-path-inside@^4.0.0
70 silly fetch manifest slash@^5.1.0
71 silly fetch manifest unicorn-magic@^0.4.0
72 silly placeDep ROOT js-yaml@4.1.1 OK for: markdownlint-cli2@0.22.1 want: 4.1.1
73 silly fetch manifest argparse@^2.0.1
74 silly placeDep ROOT jsonc-parser@3.3.1 OK for: markdownlint-cli2@0.22.1 want: 3.3.1
75 silly placeDep ROOT jsonpointer@5.0.1 OK for: markdownlint-cli2@0.22.1 want: 5.0.1
76 silly placeDep ROOT markdown-it@14.1.1 OK for: markdownlint-cli2@0.22.1 want: 14.1.1
77 silly fetch manifest mdurl@^2.0.0
78 silly fetch manifest entities@^4.4.0
79 silly fetch manifest uc.micro@^2.1.0
80 silly fetch manifest linkify-it@^5.0.0
81 silly fetch manifest punycode.js@^2.3.1
82 silly placeDep ROOT markdownlint@0.40.0 OK for: markdownlint-cli2@0.22.1 want: 0.40.0
83 silly fetch manifest micromark@4.0.2
84 silly fetch manifest micromark-core-commonmark@2.0.3
85 silly fetch manifest micromark-extension-directive@4.0.0
86 silly fetch manifest micromark-extension-gfm-autolink-literal@2.1.0
87 silly fetch manifest micromark-extension-gfm-footnote@2.1.0
88 silly fetch manifest micromark-extension-gfm-table@2.1.1
89 silly fetch manifest micromark-extension-math@3.1.0
90 silly fetch manifest micromark-util-types@2.0.2
91 silly fetch manifest string-width@8.1.0
92 silly placeDep ROOT markdownlint-cli2-formatter-default@0.0.6 OK for: markdownlint-cli2@0.22.1 want: 0.0.6
93 silly placeDep ROOT micromatch@4.0.8 OK for: markdownlint-cli2@0.22.1 want: 4.0.8
94 silly fetch manifest braces@^3.0.3
95 silly fetch manifest picomatch@^2.3.1
96 silly placeDep ROOT smol-toml@1.6.1 OK for: markdownlint-cli2@0.22.1 want: 1.6.1
97 http fetch GET 200 https://registry.npmjs.org/unicorn-magic 66ms (cache miss)
98 http fetch GET 200 https://registry.npmjs.org/slash 66ms (cache miss)
99 http fetch GET 200 https://registry.npmjs.org/is-path-inside 67ms (cache miss)
100 http fetch GET 200 https://registry.npmjs.org/argparse 67ms (cache miss)
101 http fetch GET 200 https://registry.npmjs.org/fast-glob 69ms (cache miss)
102 http fetch GET 200 https://registry.npmjs.org/ignore 71ms (cache miss)
103 http fetch GET 200 https://registry.npmjs.org/mdurl 69ms (cache miss)
104 http fetch GET 200 https://registry.npmjs.org/@sindresorhus%2fmerge-streams 73ms (cache miss)
105 http fetch GET 200 https://registry.npmjs.org/entities 70ms (cache miss)
106 http fetch GET 200 https://registry.npmjs.org/micromark-extension-gfm-footnote 206ms (cache miss)
107 http fetch GET 200 https://registry.npmjs.org/uc.micro 207ms (cache miss)
108 http fetch GET 200 https://registry.npmjs.org/linkify-it 207ms (cache miss)
109 http fetch GET 200 https://registry.npmjs.org/micromark 218ms (cache miss)
110 http fetch GET 200 https://registry.npmjs.org/micromark-util-types 294ms (cache miss)
111 http fetch GET 200 https://registry.npmjs.org/micromark-extension-math 296ms (cache miss)
112 http fetch GET 200 https://registry.npmjs.org/braces 295ms (cache miss)
113 http fetch GET 200 https://registry.npmjs.org/picomatch 294ms (cache miss)
114 http fetch GET 200 https://registry.npmjs.org/punycode.js 298ms (cache miss)
115 http fetch GET 200 https://registry.npmjs.org/micromark-extension-gfm-table 298ms (cache miss)
116 http fetch GET 200 https://registry.npmjs.org/string-width 297ms (cache miss)
117 http fetch GET 200 https://registry.npmjs.org/micromark-core-commonmark 299ms (cache miss)
118 http fetch GET 200 https://registry.npmjs.org/micromark-extension-directive 299ms (cache miss)
119 http fetch GET 200 https://registry.npmjs.org/micromark-extension-gfm-autolink-literal 300ms (cache miss)
120 timing idealTree:node_modules/markdownlint-cli2 Completed in 306ms
121 silly placeDep ROOT @sindresorhus/merge-streams@4.0.0 OK for: globby@16.2.0 want: ^4.0.0
122 silly placeDep ROOT fast-glob@3.3.3 OK for: globby@16.2.0 want: ^3.3.3
123 silly fetch manifest @nodelib/fs.stat@^2.0.2
124 silly fetch manifest @nodelib/fs.walk@^1.2.3
125 silly fetch manifest glob-parent@^5.1.2
126 silly fetch manifest merge2@^1.3.0
127 silly placeDep ROOT ignore@7.0.5 OK for: globby@16.2.0 want: ^7.0.5
128 silly placeDep ROOT is-path-inside@4.0.0 OK for: globby@16.2.0 want: ^4.0.0
129 silly placeDep ROOT slash@5.1.0 OK for: globby@16.2.0 want: ^5.1.0
130 silly placeDep ROOT unicorn-magic@0.4.0 OK for: globby@16.2.0 want: ^0.4.0
131 http fetch GET 200 https://registry.npmjs.org/glob-parent 61ms (cache miss)
132 http fetch GET 200 https://registry.npmjs.org/merge2 62ms (cache miss)
133 http fetch GET 200 https://registry.npmjs.org/@nodelib%2ffs.stat 68ms (cache miss)
134 http fetch GET 200 https://registry.npmjs.org/@nodelib%2ffs.walk 97ms (cache miss)
135 timing idealTree:node_modules/globby Completed in 100ms
136 timing idealTree:node_modules/@sindresorhus/merge-streams Completed in 0ms
137 silly placeDep ROOT @nodelib/fs.stat@2.0.5 OK for: fast-glob@3.3.3 want: ^2.0.2
138 silly placeDep ROOT @nodelib/fs.walk@1.2.8 OK for: fast-glob@3.3.3 want: ^1.2.3
139 silly fetch manifest fastq@^1.6.0
140 silly fetch manifest @nodelib/fs.scandir@2.1.5
141 silly placeDep ROOT glob-parent@5.1.2 OK for: fast-glob@3.3.3 want: ^5.1.2
142 silly fetch manifest is-glob@^4.0.1
143 silly placeDep ROOT merge2@1.4.1 OK for: fast-glob@3.3.3 want: ^1.3.0
144 http fetch GET 200 https://registry.npmjs.org/fastq 67ms (cache miss)
145 http fetch GET 200 https://registry.npmjs.org/is-glob 66ms (cache miss)
146 http fetch GET 200 https://registry.npmjs.org/@nodelib%2ffs.scandir 75ms (cache miss)
147 timing idealTree:node_modules/fast-glob Completed in 76ms
148 timing idealTree:node_modules/@nodelib/fs.stat Completed in 0ms
149 silly placeDep ROOT @nodelib/fs.scandir@2.1.5 OK for: @nodelib/fs.walk@1.2.8 want: 2.1.5
150 silly fetch manifest run-parallel@^1.1.9
151 silly placeDep ROOT fastq@1.20.1 OK for: @nodelib/fs.walk@1.2.8 want: ^1.6.0
152 silly fetch manifest reusify@^1.0.4
153 http fetch GET 200 https://registry.npmjs.org/reusify 53ms (cache miss)
154 http fetch GET 200 https://registry.npmjs.org/run-parallel 61ms (cache miss)
155 timing idealTree:node_modules/@nodelib/fs.walk Completed in 62ms
156 silly placeDep ROOT run-parallel@1.2.0 OK for: @nodelib/fs.scandir@2.1.5 want: ^1.1.9
157 silly fetch manifest queue-microtask@^1.2.2
158 http fetch GET 200 https://registry.npmjs.org/queue-microtask 64ms (cache miss)
159 timing idealTree:node_modules/@nodelib/fs.scandir Completed in 65ms
160 silly placeDep ROOT reusify@1.1.0 OK for: fastq@1.20.1 want: ^1.0.4
161 timing idealTree:node_modules/fastq Completed in 1ms
162 silly placeDep ROOT is-glob@4.0.3 OK for: glob-parent@5.1.2 want: ^4.0.1
163 silly fetch manifest is-extglob@^2.1.1
164 http fetch GET 200 https://registry.npmjs.org/is-extglob 56ms (cache miss)
165 timing idealTree:node_modules/glob-parent Completed in 56ms
166 timing idealTree:node_modules/ignore Completed in 0ms
167 silly placeDep ROOT is-extglob@2.1.1 OK for: is-glob@4.0.3 want: ^2.1.1
168 timing idealTree:node_modules/is-glob Completed in 0ms
169 timing idealTree:node_modules/is-extglob Completed in 0ms
170 timing idealTree:node_modules/is-path-inside Completed in 0ms
171 silly placeDep ROOT argparse@2.0.1 OK for: js-yaml@4.1.1 want: ^2.0.1
172 timing idealTree:node_modules/js-yaml Completed in 0ms
173 timing idealTree:node_modules/argparse Completed in 0ms
174 timing idealTree:node_modules/jsonc-parser Completed in 0ms
175 timing idealTree:node_modules/jsonpointer Completed in 0ms
176 silly placeDep ROOT entities@4.5.0 OK for: markdown-it@14.1.1 want: ^4.4.0
177 silly placeDep ROOT linkify-it@5.0.1 OK for: markdown-it@14.1.1 want: ^5.0.0
178 silly fetch manifest uc.micro@^2.0.0
179 silly placeDep ROOT mdurl@2.0.0 OK for: markdown-it@14.1.1 want: ^2.0.0
180 silly placeDep ROOT punycode.js@2.3.1 OK for: markdown-it@14.1.1 want: ^2.3.1
181 silly placeDep ROOT uc.micro@2.1.0 OK for: markdown-it@14.1.1 want: ^2.1.0
182 timing idealTree:node_modules/markdown-it Completed in 2ms
183 timing idealTree:node_modules/entities Completed in 0ms
184 timing idealTree:node_modules/linkify-it Completed in 0ms
185 silly placeDep ROOT micromark@4.0.2 OK for: markdownlint@0.40.0 want: 4.0.2
186 silly fetch manifest @types/debug@^4.0.0
187 silly fetch manifest debug@^4.0.0
188 silly fetch manifest decode-named-character-reference@^1.0.0
189 silly fetch manifest devlop@^1.0.0
190 silly fetch manifest micromark-core-commonmark@^2.0.0
191 silly fetch manifest micromark-factory-space@^2.0.0
192 silly fetch manifest micromark-util-character@^2.0.0
193 silly fetch manifest micromark-util-chunked@^2.0.0
194 silly fetch manifest micromark-util-combine-extensions@^2.0.0
195 silly fetch manifest micromark-util-decode-numeric-character-reference@^2.0.0
196 silly fetch manifest micromark-util-encode@^2.0.0
197 silly fetch manifest micromark-util-normalize-identifier@^2.0.0
198 silly fetch manifest micromark-util-resolve-all@^2.0.0
199 silly fetch manifest micromark-util-sanitize-uri@^2.0.0
200 silly fetch manifest micromark-util-subtokenize@^2.0.0
201 silly fetch manifest micromark-util-symbol@^2.0.0
202 silly fetch manifest micromark-util-types@^2.0.0
203 silly placeDep ROOT micromark-core-commonmark@2.0.3 OK for: markdownlint@0.40.0 want: 2.0.3
204 silly fetch manifest micromark-factory-destination@^2.0.0
205 silly fetch manifest micromark-factory-label@^2.0.0
206 silly fetch manifest micromark-factory-title@^2.0.0
207 silly fetch manifest micromark-factory-whitespace@^2.0.0
208 silly fetch manifest micromark-util-classify-character@^2.0.0
209 silly fetch manifest micromark-util-html-tag-name@^2.0.0
210 silly placeDep ROOT micromark-extension-directive@4.0.0 OK for: markdownlint@0.40.0 want: 4.0.0
211 silly fetch manifest parse-entities@^4.0.0
212 silly placeDep ROOT micromark-extension-gfm-autolink-literal@2.1.0 OK for: markdownlint@0.40.0 want: 2.1.0
213 silly placeDep ROOT micromark-extension-gfm-footnote@2.1.0 OK for: markdownlint@0.40.0 want: 2.1.0
214 silly placeDep ROOT micromark-extension-gfm-table@2.1.1 OK for: markdownlint@0.40.0 want: 2.1.1
215 silly placeDep ROOT micromark-extension-math@3.1.0 OK for: markdownlint@0.40.0 want: 3.1.0
216 silly fetch manifest @types/katex@^0.16.0
217 silly fetch manifest katex@^0.16.0
218 silly placeDep ROOT micromark-util-types@2.0.2 OK for: markdownlint@0.40.0 want: 2.0.2
219 silly placeDep ROOT string-width@8.1.0 OK for: markdownlint@0.40.0 want: 8.1.0
220 silly fetch manifest strip-ansi@^7.1.0
221 silly fetch manifest get-east-asian-width@^1.3.0
222 http fetch GET 200 https://registry.npmjs.org/devlop 66ms (cache miss)
223 http fetch GET 200 https://registry.npmjs.org/micromark-util-character 67ms (cache miss)
224 http fetch GET 200 https://registry.npmjs.org/micromark-factory-space 70ms (cache miss)
225 http fetch GET 200 https://registry.npmjs.org/micromark-util-chunked 79ms (cache miss)
226 http fetch GET 200 https://registry.npmjs.org/micromark-util-resolve-all 78ms (cache miss)
227 http fetch GET 200 https://registry.npmjs.org/micromark-util-subtokenize 78ms (cache miss)
228 http fetch GET 200 https://registry.npmjs.org/micromark-util-normalize-identifier 78ms (cache miss)
229 http fetch GET 200 https://registry.npmjs.org/@types%2fdebug 80ms (cache miss)
230 http fetch GET 200 https://registry.npmjs.org/micromark-util-sanitize-uri 79ms (cache miss)
231 http fetch GET 200 https://registry.npmjs.org/decode-named-character-reference 80ms (cache miss)
232 http fetch GET 200 https://registry.npmjs.org/micromark-util-combine-extensions 79ms (cache miss)
233 http fetch GET 200 https://registry.npmjs.org/micromark-util-symbol 79ms (cache miss)
234 http fetch GET 200 https://registry.npmjs.org/micromark-util-decode-numeric-character-reference 80ms (cache miss)
235 http fetch GET 200 https://registry.npmjs.org/micromark-util-encode 80ms (cache miss)
236 http fetch GET 200 https://registry.npmjs.org/debug 82ms (cache miss)
237 http fetch GET 200 https://registry.npmjs.org/micromark-factory-destination 121ms (cache miss)
238 http fetch GET 200 https://registry.npmjs.org/micromark-util-classify-character 126ms (cache miss)
239 http fetch GET 200 https://registry.npmjs.org/micromark-factory-title 127ms (cache miss)
240 http fetch GET 200 https://registry.npmjs.org/micromark-factory-label 127ms (cache miss)
241 http fetch GET 200 https://registry.npmjs.org/micromark-factory-whitespace 129ms (cache miss)
242 http fetch GET 200 https://registry.npmjs.org/strip-ansi 126ms (cache miss)
243 http fetch GET 200 https://registry.npmjs.org/micromark-util-html-tag-name 130ms (cache miss)
244 http fetch GET 200 https://registry.npmjs.org/parse-entities 129ms (cache miss)
245 http fetch GET 200 https://registry.npmjs.org/get-east-asian-width 127ms (cache miss)
246 http fetch GET 200 https://registry.npmjs.org/@types%2fkatex 128ms (cache miss)
247 http fetch GET 200 https://registry.npmjs.org/katex 129ms (cache miss)
248 timing idealTree:node_modules/markdownlint Completed in 139ms
249 timing idealTree:node_modules/markdownlint-cli2-formatter-default Completed in 0ms
250 timing idealTree:node_modules/mdurl Completed in 0ms
251 timing idealTree:node_modules/merge2 Completed in 0ms
252 silly placeDep ROOT @types/debug@4.1.13 OK for: micromark@4.0.2 want: ^4.0.0
253 silly fetch manifest @types/ms@*
254 silly placeDep ROOT debug@4.4.3 OK for: micromark@4.0.2 want: ^4.0.0
255 silly fetch manifest ms@^2.1.3
256 silly placeDep ROOT decode-named-character-reference@1.3.0 OK for: micromark@4.0.2 want: ^1.0.0
257 silly fetch manifest character-entities@^2.0.0
258 silly placeDep ROOT devlop@1.1.0 OK for: micromark@4.0.2 want: ^1.0.0
259 silly fetch manifest dequal@^2.0.0
260 silly placeDep ROOT micromark-factory-space@2.0.1 OK for: micromark@4.0.2 want: ^2.0.0
261 silly placeDep ROOT micromark-util-character@2.1.1 OK for: micromark@4.0.2 want: ^2.0.0
262 silly placeDep ROOT micromark-util-chunked@2.0.1 OK for: micromark@4.0.2 want: ^2.0.0
263 silly placeDep ROOT micromark-util-combine-extensions@2.0.1 OK for: micromark@4.0.2 want: ^2.0.0
264 silly placeDep ROOT micromark-util-decode-numeric-character-reference@2.0.2 OK for: micromark@4.0.2 want: ^2.0.0
265 silly placeDep ROOT micromark-util-encode@2.0.1 OK for: micromark@4.0.2 want: ^2.0.0
266 silly placeDep ROOT micromark-util-normalize-identifier@2.0.1 OK for: micromark@4.0.2 want: ^2.0.0
267 silly placeDep ROOT micromark-util-resolve-all@2.0.1 OK for: micromark@4.0.2 want: ^2.0.0
268 silly placeDep ROOT micromark-util-sanitize-uri@2.0.1 OK for: micromark@4.0.2 want: ^2.0.0
269 silly placeDep ROOT micromark-util-subtokenize@2.1.0 OK for: micromark@4.0.2 want: ^2.0.0
270 silly placeDep ROOT micromark-util-symbol@2.0.1 OK for: micromark@4.0.2 want: ^2.0.0
271 http fetch GET 200 https://registry.npmjs.org/ms 62ms (cache miss)
272 http fetch GET 200 https://registry.npmjs.org/character-entities 61ms (cache miss)
273 http fetch GET 200 https://registry.npmjs.org/dequal 66ms (cache miss)
274 http fetch GET 200 https://registry.npmjs.org/@types%2fms 70ms (cache miss)
275 timing idealTree:node_modules/micromark Completed in 72ms
276 silly placeDep ROOT @types/ms@2.1.0 OK for: @types/debug@4.1.13 want: *
277 timing idealTree:node_modules/@types/debug Completed in 1ms
278 timing idealTree:node_modules/@types/ms Completed in 0ms
279 silly placeDep ROOT ms@2.1.3 OK for: debug@4.4.3 want: ^2.1.3
280 timing idealTree:node_modules/debug Completed in 0ms
281 silly placeDep ROOT character-entities@2.0.2 OK for: decode-named-character-reference@1.3.0 want: ^2.0.0
282 timing idealTree:node_modules/decode-named-character-reference Completed in 1ms
283 timing idealTree:node_modules/character-entities Completed in 0ms
284 silly placeDep ROOT dequal@2.0.3 OK for: devlop@1.1.0 want: ^2.0.0
285 timing idealTree:node_modules/devlop Completed in 0ms
286 timing idealTree:node_modules/dequal Completed in 0ms
287 silly placeDep ROOT micromark-factory-destination@2.0.1 OK for: micromark-core-commonmark@2.0.3 want: ^2.0.0
288 silly placeDep ROOT micromark-factory-label@2.0.1 OK for: micromark-core-commonmark@2.0.3 want: ^2.0.0
289 silly placeDep ROOT micromark-factory-title@2.0.1 OK for: micromark-core-commonmark@2.0.3 want: ^2.0.0
290 silly placeDep ROOT micromark-factory-whitespace@2.0.1 OK for: micromark-core-commonmark@2.0.3 want: ^2.0.0
291 silly placeDep ROOT micromark-util-classify-character@2.0.1 OK for: micromark-core-commonmark@2.0.3 want: ^2.0.0
292 silly placeDep ROOT micromark-util-html-tag-name@2.0.1 OK for: micromark-core-commonmark@2.0.3 want: ^2.0.0
293 timing idealTree:node_modules/micromark-core-commonmark Completed in 3ms
294 silly placeDep ROOT parse-entities@4.0.2 OK for: micromark-extension-directive@4.0.0 want: ^4.0.0
295 silly fetch manifest @types/unist@^2.0.0
296 silly fetch manifest character-entities-legacy@^3.0.0
297 silly fetch manifest character-reference-invalid@^2.0.0
298 silly fetch manifest is-alphanumerical@^2.0.0
299 silly fetch manifest is-decimal@^2.0.0
300 silly fetch manifest is-hexadecimal@^2.0.0
301 http fetch GET 200 https://registry.npmjs.org/character-reference-invalid 52ms (cache miss)
302 http fetch GET 200 https://registry.npmjs.org/character-entities-legacy 52ms (cache miss)
303 http fetch GET 200 https://registry.npmjs.org/is-hexadecimal 63ms (cache miss)
304 http fetch GET 200 https://registry.npmjs.org/is-alphanumerical 64ms (cache miss)
305 http fetch GET 200 https://registry.npmjs.org/@types%2funist 64ms (cache miss)
306 http fetch GET 200 https://registry.npmjs.org/is-decimal 64ms (cache miss)
307 timing idealTree:node_modules/micromark-extension-directive Completed in 66ms
308 timing idealTree:node_modules/micromark-extension-gfm-autolink-literal Completed in 0ms
309 timing idealTree:node_modules/micromark-extension-gfm-footnote Completed in 0ms
310 timing idealTree:node_modules/micromark-extension-gfm-table Completed in 0ms
311 silly placeDep ROOT @types/katex@0.16.8 OK for: micromark-extension-math@3.1.0 want: ^0.16.0
312 silly placeDep ROOT katex@0.16.47 OK for: micromark-extension-math@3.1.0 want: ^0.16.0
313 silly fetch manifest commander@^8.3.0
314 http fetch GET 200 https://registry.npmjs.org/commander 59ms (cache miss)
315 timing idealTree:node_modules/micromark-extension-math Completed in 61ms
316 timing idealTree:node_modules/@types/katex Completed in 0ms
317 silly placeDep ROOT commander@8.3.0 OK for: katex@0.16.47 want: ^8.3.0
318 timing idealTree:node_modules/katex Completed in 0ms
319 timing idealTree:node_modules/commander Completed in 0ms
320 timing idealTree:node_modules/micromark-factory-destination Completed in 0ms
321 timing idealTree:node_modules/micromark-factory-label Completed in 0ms
322 timing idealTree:node_modules/micromark-factory-space Completed in 0ms
323 timing idealTree:node_modules/micromark-factory-title Completed in 0ms
324 timing idealTree:node_modules/micromark-factory-whitespace Completed in 0ms
325 timing idealTree:node_modules/micromark-util-character Completed in 0ms
326 timing idealTree:node_modules/micromark-util-chunked Completed in 0ms
327 timing idealTree:node_modules/micromark-util-classify-character Completed in 0ms
328 timing idealTree:node_modules/micromark-util-combine-extensions Completed in 0ms
329 timing idealTree:node_modules/micromark-util-decode-numeric-character-reference Completed in 0ms
330 timing idealTree:node_modules/micromark-util-encode Completed in 0ms
331 timing idealTree:node_modules/micromark-util-html-tag-name Completed in 0ms
332 timing idealTree:node_modules/micromark-util-normalize-identifier Completed in 0ms
333 timing idealTree:node_modules/micromark-util-resolve-all Completed in 0ms
334 timing idealTree:node_modules/micromark-util-sanitize-uri Completed in 0ms
335 timing idealTree:node_modules/micromark-util-subtokenize Completed in 0ms
336 timing idealTree:node_modules/micromark-util-symbol Completed in 0ms
337 timing idealTree:node_modules/micromark-util-types Completed in 0ms
338 silly placeDep ROOT braces@3.0.3 OK for: micromatch@4.0.8 want: ^3.0.3
339 silly fetch manifest fill-range@^7.1.1
340 silly placeDep ROOT picomatch@2.3.2 OK for: micromatch@4.0.8 want: ^2.3.1
341 http fetch GET 200 https://registry.npmjs.org/fill-range 52ms (cache miss)
342 timing idealTree:node_modules/micromatch Completed in 54ms
343 silly placeDep ROOT fill-range@7.1.1 OK for: braces@3.0.3 want: ^7.1.1
344 silly fetch manifest to-regex-range@^5.0.1
345 http fetch GET 200 https://registry.npmjs.org/to-regex-range 46ms (cache miss)
346 timing idealTree:node_modules/braces Completed in 47ms
347 silly placeDep ROOT to-regex-range@5.0.1 OK for: fill-range@7.1.1 want: ^5.0.1
348 silly fetch manifest is-number@^7.0.0
349 http fetch GET 200 https://registry.npmjs.org/is-number 71ms (cache miss)
350 timing idealTree:node_modules/fill-range Completed in 71ms
351 timing idealTree:node_modules/ms Completed in 0ms
352 silly placeDep ROOT @types/unist@2.0.11 OK for: parse-entities@4.0.2 want: ^2.0.0
353 silly placeDep ROOT character-entities-legacy@3.0.0 OK for: parse-entities@4.0.2 want: ^3.0.0
354 silly placeDep ROOT character-reference-invalid@2.0.1 OK for: parse-entities@4.0.2 want: ^2.0.0
355 silly placeDep ROOT is-alphanumerical@2.0.1 OK for: parse-entities@4.0.2 want: ^2.0.0
356 silly fetch manifest is-alphabetical@^2.0.0
357 silly placeDep ROOT is-decimal@2.0.1 OK for: parse-entities@4.0.2 want: ^2.0.0
358 silly placeDep ROOT is-hexadecimal@2.0.1 OK for: parse-entities@4.0.2 want: ^2.0.0
359 http fetch GET 200 https://registry.npmjs.org/is-alphabetical 42ms (cache miss)
360 timing idealTree:node_modules/parse-entities Completed in 44ms
361 timing idealTree:node_modules/@types/unist Completed in 0ms
362 timing idealTree:node_modules/character-entities-legacy Completed in 0ms
363 timing idealTree:node_modules/character-reference-invalid Completed in 0ms
364 silly placeDep ROOT is-alphabetical@2.0.1 OK for: is-alphanumerical@2.0.1 want: ^2.0.0
365 timing idealTree:node_modules/is-alphanumerical Completed in 0ms
366 timing idealTree:node_modules/is-alphabetical Completed in 0ms
367 timing idealTree:node_modules/is-decimal Completed in 0ms
368 timing idealTree:node_modules/is-hexadecimal Completed in 0ms
369 timing idealTree:node_modules/picomatch Completed in 0ms
370 timing idealTree:node_modules/punycode.js Completed in 0ms
371 timing idealTree:node_modules/reusify Completed in 0ms
372 silly placeDep ROOT queue-microtask@1.2.3 OK for: run-parallel@1.2.0 want: ^1.2.2
373 timing idealTree:node_modules/run-parallel Completed in 0ms
374 timing idealTree:node_modules/queue-microtask Completed in 0ms
375 timing idealTree:node_modules/slash Completed in 0ms
376 timing idealTree:node_modules/smol-toml Completed in 0ms
377 silly placeDep ROOT get-east-asian-width@1.6.0 OK for: string-width@8.1.0 want: ^1.3.0
378 silly placeDep ROOT strip-ansi@7.2.0 OK for: string-width@8.1.0 want: ^7.1.0
379 silly fetch manifest ansi-regex@^6.2.2
380 http fetch GET 200 https://registry.npmjs.org/ansi-regex 47ms (cache miss)
381 timing idealTree:node_modules/string-width Completed in 47ms
382 timing idealTree:node_modules/get-east-asian-width Completed in 0ms
383 silly placeDep ROOT ansi-regex@6.2.2 OK for: strip-ansi@7.2.0 want: ^6.2.2
384 timing idealTree:node_modules/strip-ansi Completed in 1ms
385 timing idealTree:node_modules/ansi-regex Completed in 0ms
386 silly placeDep ROOT is-number@7.0.0 OK for: to-regex-range@5.0.1 want: ^7.0.0
387 timing idealTree:node_modules/to-regex-range Completed in 0ms
388 timing idealTree:node_modules/is-number Completed in 0ms
389 timing idealTree:node_modules/uc.micro Completed in 0ms
390 timing idealTree:node_modules/unicorn-magic Completed in 0ms
391 timing idealTree:buildDeps Completed in 1479ms
392 timing idealTree:fixDepFlags Completed in 1ms
393 timing idealTree Completed in 1482ms
394 timing reify:loadTrees Completed in 1482ms
395 timing reify:diffTrees Completed in 1ms
396 silly reify moves {}
397 timing reify:retireShallow Completed in 0ms
398 timing reify:createSparse Completed in 7ms
399 timing reify:loadBundles Completed in 0ms
400 silly audit bulk request {
400 silly audit   'markdownlint-cli2': [ '0.22.1' ],
400 silly audit   globby: [ '16.2.0' ],
400 silly audit   'js-yaml': [ '4.1.1' ],
400 silly audit   'jsonc-parser': [ '3.3.1' ],
400 silly audit   jsonpointer: [ '5.0.1' ],
400 silly audit   'markdown-it': [ '14.1.1' ],
400 silly audit   markdownlint: [ '0.40.0' ],
400 silly audit   'markdownlint-cli2-formatter-default': [ '0.0.6' ],
400 silly audit   micromatch: [ '4.0.8' ],
400 silly audit   'smol-toml': [ '1.6.1' ],
400 silly audit   '@sindresorhus/merge-streams': [ '4.0.0' ],
400 silly audit   'fast-glob': [ '3.3.3' ],
400 silly audit   ignore: [ '7.0.5' ],
400 silly audit   'is-path-inside': [ '4.0.0' ],
400 silly audit   slash: [ '5.1.0' ],
400 silly audit   'unicorn-magic': [ '0.4.0' ],
400 silly audit   '@nodelib/fs.stat': [ '2.0.5' ],
400 silly audit   '@nodelib/fs.walk': [ '1.2.8' ],
400 silly audit   'glob-parent': [ '5.1.2' ],
400 silly audit   merge2: [ '1.4.1' ],
400 silly audit   '@nodelib/fs.scandir': [ '2.1.5' ],
400 silly audit   fastq: [ '1.20.1' ],
400 silly audit   'run-parallel': [ '1.2.0' ],
400 silly audit   reusify: [ '1.1.0' ],
400 silly audit   'is-glob': [ '4.0.3' ],
400 silly audit   'is-extglob': [ '2.1.1' ],
400 silly audit   argparse: [ '2.0.1' ],
400 silly audit   entities: [ '4.5.0' ],
400 silly audit   'linkify-it': [ '5.0.1' ],
400 silly audit   mdurl: [ '2.0.0' ],
400 silly audit   'punycode.js': [ '2.3.1' ],
400 silly audit   'uc.micro': [ '2.1.0' ],
400 silly audit   micromark: [ '4.0.2' ],
400 silly audit   'micromark-core-commonmark': [ '2.0.3' ],
400 silly audit   'micromark-extension-directive': [ '4.0.0' ],
400 silly audit   'micromark-extension-gfm-autolink-literal': [ '2.1.0' ],
400 silly audit   'micromark-extension-gfm-footnote': [ '2.1.0' ],
400 silly audit   'micromark-extension-gfm-table': [ '2.1.1' ],
400 silly audit   'micromark-extension-math': [ '3.1.0' ],
400 silly audit   'micromark-util-types': [ '2.0.2' ],
400 silly audit   'string-width': [ '8.1.0' ],
400 silly audit   '@types/debug': [ '4.1.13' ],
400 silly audit   debug: [ '4.4.3' ],
400 silly audit   'decode-named-character-reference': [ '1.3.0' ],
400 silly audit   devlop: [ '1.1.0' ],
400 silly audit   'micromark-factory-space': [ '2.0.1' ],
400 silly audit   'micromark-util-character': [ '2.1.1' ],
400 silly audit   'micromark-util-chunked': [ '2.0.1' ],
400 silly audit   'micromark-util-combine-extensions': [ '2.0.1' ],
400 silly audit   'micromark-util-decode-numeric-character-reference': [ '2.0.2' ],
400 silly audit   'micromark-util-encode': [ '2.0.1' ],
400 silly audit   'micromark-util-normalize-identifier': [ '2.0.1' ],
400 silly audit   'micromark-util-resolve-all': [ '2.0.1' ],
400 silly audit   'micromark-util-sanitize-uri': [ '2.0.1' ],
400 silly audit   'micromark-util-subtokenize': [ '2.1.0' ],
400 silly audit   'micromark-util-symbol': [ '2.0.1' ],
400 silly audit   '@types/ms': [ '2.1.0' ],
400 silly audit   ms: [ '2.1.3' ],
400 silly audit   'character-entities': [ '2.0.2' ],
400 silly audit   dequal: [ '2.0.3' ],
400 silly audit   'micromark-factory-destination': [ '2.0.1' ],
400 silly audit   'micromark-factory-label': [ '2.0.1' ],
400 silly audit   'micromark-factory-title': [ '2.0.1' ],
400 silly audit   'micromark-factory-whitespace': [ '2.0.1' ],
400 silly audit   'micromark-util-classify-character': [ '2.0.1' ],
400 silly audit   'micromark-util-html-tag-name': [ '2.0.1' ],
400 silly audit   'parse-entities': [ '4.0.2' ],
400 silly audit   '@types/katex': [ '0.16.8' ],
400 silly audit   katex: [ '0.16.47' ],
400 silly audit   commander: [ '8.3.0' ],
400 silly audit   braces: [ '3.0.3' ],
400 silly audit   picomatch: [ '2.3.2' ],
400 silly audit   'fill-range': [ '7.1.1' ],
400 silly audit   'to-regex-range': [ '5.0.1' ],
400 silly audit   '@types/unist': [ '2.0.11' ],
400 silly audit   'character-entities-legacy': [ '3.0.0' ],
400 silly audit   'character-reference-invalid': [ '2.0.1' ],
400 silly audit   'is-alphanumerical': [ '2.0.1' ],
400 silly audit   'is-decimal': [ '2.0.1' ],
400 silly audit   'is-hexadecimal': [ '2.0.1' ],
400 silly audit   'is-alphabetical': [ '2.0.1' ],
400 silly audit   'queue-microtask': [ '1.2.3' ],
400 silly audit   'get-east-asian-width': [ '1.6.0' ],
400 silly audit   'strip-ansi': [ '7.2.0' ],
400 silly audit   'ansi-regex': [ '6.2.2' ],
400 silly audit   'is-number': [ '7.0.0' ]
400 silly audit }
401 silly tarball no local data for ansi-regex@https://registry.npmjs.org/ansi-regex/-/ansi-regex-6.2.2.tgz. Extracting by manifest.
402 silly tarball no local data for is-number@https://registry.npmjs.org/is-number/-/is-number-7.0.0.tgz. Extracting by manifest.
403 silly tarball no local data for strip-ansi@https://registry.npmjs.org/strip-ansi/-/strip-ansi-7.2.0.tgz. Extracting by manifest.
404 silly tarball no local data for queue-microtask@https://registry.npmjs.org/queue-microtask/-/queue-microtask-1.2.3.tgz. Extracting by manifest.
405 silly tarball no local data for is-hexadecimal@https://registry.npmjs.org/is-hexadecimal/-/is-hexadecimal-2.0.1.tgz. Extracting by manifest.
406 silly tarball no local data for is-decimal@https://registry.npmjs.org/is-decimal/-/is-decimal-2.0.1.tgz. Extracting by manifest.
407 silly tarball no local data for is-alphabetical@https://registry.npmjs.org/is-alphabetical/-/is-alphabetical-2.0.1.tgz. Extracting by manifest.
408 silly tarball no local data for is-alphanumerical@https://registry.npmjs.org/is-alphanumerical/-/is-alphanumerical-2.0.1.tgz. Extracting by manifest.
409 silly tarball no local data for character-reference-invalid@https://registry.npmjs.org/character-reference-invalid/-/character-reference-invalid-2.0.1.tgz. Extracting by manifest.
410 silly tarball no local data for character-entities-legacy@https://registry.npmjs.org/character-entities-legacy/-/character-entities-legacy-3.0.0.tgz. Extracting by manifest.
411 silly tarball no local data for @types/unist@https://registry.npmjs.org/@types/unist/-/unist-2.0.11.tgz. Extracting by manifest.
412 silly tarball no local data for to-regex-range@https://registry.npmjs.org/to-regex-range/-/to-regex-range-5.0.1.tgz. Extracting by manifest.
413 silly tarball no local data for fill-range@https://registry.npmjs.org/fill-range/-/fill-range-7.1.1.tgz. Extracting by manifest.
414 silly tarball no local data for braces@https://registry.npmjs.org/braces/-/braces-3.0.3.tgz. Extracting by manifest.
415 silly tarball no local data for picomatch@https://registry.npmjs.org/picomatch/-/picomatch-2.3.2.tgz. Extracting by manifest.
416 silly tarball no local data for commander@https://registry.npmjs.org/commander/-/commander-8.3.0.tgz. Extracting by manifest.
417 silly tarball no local data for get-east-asian-width@https://registry.npmjs.org/get-east-asian-width/-/get-east-asian-width-1.6.0.tgz. Extracting by manifest.
418 silly tarball no local data for parse-entities@https://registry.npmjs.org/parse-entities/-/parse-entities-4.0.2.tgz. Extracting by manifest.
419 silly tarball no local data for micromark-util-html-tag-name@https://registry.npmjs.org/micromark-util-html-tag-name/-/micromark-util-html-tag-name-2.0.1.tgz. Extracting by manifest.
420 silly tarball no local data for micromark-util-classify-character@https://registry.npmjs.org/micromark-util-classify-character/-/micromark-util-classify-character-2.0.1.tgz. Extracting by manifest.
421 silly tarball no local data for katex@https://registry.npmjs.org/katex/-/katex-0.16.47.tgz. Extracting by manifest.
422 silly tarball no local data for micromark-factory-whitespace@https://registry.npmjs.org/micromark-factory-whitespace/-/micromark-factory-whitespace-2.0.1.tgz. Extracting by manifest.
423 silly tarball no local data for @types/katex@https://registry.npmjs.org/@types/katex/-/katex-0.16.8.tgz. Extracting by manifest.
424 silly tarball no local data for micromark-factory-title@https://registry.npmjs.org/micromark-factory-title/-/micromark-factory-title-2.0.1.tgz. Extracting by manifest.
425 silly tarball no local data for micromark-factory-destination@https://registry.npmjs.org/micromark-factory-destination/-/micromark-factory-destination-2.0.1.tgz. Extracting by manifest.
426 silly tarball no local data for dequal@https://registry.npmjs.org/dequal/-/dequal-2.0.3.tgz. Extracting by manifest.
427 silly tarball no local data for character-entities@https://registry.npmjs.org/character-entities/-/character-entities-2.0.2.tgz. Extracting by manifest.
428 silly tarball no local data for ms@https://registry.npmjs.org/ms/-/ms-2.1.3.tgz. Extracting by manifest.
429 silly tarball no local data for @types/ms@https://registry.npmjs.org/@types/ms/-/ms-2.1.0.tgz. Extracting by manifest.
430 silly tarball no local data for micromark-util-symbol@https://registry.npmjs.org/micromark-util-symbol/-/micromark-util-symbol-2.0.1.tgz. Extracting by manifest.
431 silly tarball no local data for micromark-util-sanitize-uri@https://registry.npmjs.org/micromark-util-sanitize-uri/-/micromark-util-sanitize-uri-2.0.1.tgz. Extracting by manifest.
432 silly tarball no local data for micromark-factory-label@https://registry.npmjs.org/micromark-factory-label/-/micromark-factory-label-2.0.1.tgz. Extracting by manifest.
433 silly tarball no local data for micromark-util-resolve-all@https://registry.npmjs.org/micromark-util-resolve-all/-/micromark-util-resolve-all-2.0.1.tgz. Extracting by manifest.
434 silly tarball no local data for micromark-util-normalize-identifier@https://registry.npmjs.org/micromark-util-normalize-identifier/-/micromark-util-normalize-identifier-2.0.1.tgz. Extracting by manifest.
435 silly tarball no local data for micromark-util-decode-numeric-character-reference@https://registry.npmjs.org/micromark-util-decode-numeric-character-reference/-/micromark-util-decode-numeric-character-reference-2.0.2.tgz. Extracting by manifest.
436 silly tarball no local data for micromark-util-encode@https://registry.npmjs.org/micromark-util-encode/-/micromark-util-encode-2.0.1.tgz. Extracting by manifest.
437 silly tarball no local data for micromark-util-combine-extensions@https://registry.npmjs.org/micromark-util-combine-extensions/-/micromark-util-combine-extensions-2.0.1.tgz. Extracting by manifest.
438 silly tarball no local data for micromark-util-character@https://registry.npmjs.org/micromark-util-character/-/micromark-util-character-2.1.1.tgz. Extracting by manifest.
439 silly tarball no local data for micromark-factory-space@https://registry.npmjs.org/micromark-factory-space/-/micromark-factory-space-2.0.1.tgz. Extracting by manifest.
440 silly tarball no local data for devlop@https://registry.npmjs.org/devlop/-/devlop-1.1.0.tgz. Extracting by manifest.
441 silly tarball no local data for debug@https://registry.npmjs.org/debug/-/debug-4.4.3.tgz. Extracting by manifest.
442 silly tarball no local data for micromark-util-chunked@https://registry.npmjs.org/micromark-util-chunked/-/micromark-util-chunked-2.0.1.tgz. Extracting by manifest.
443 silly tarball no local data for micromark-util-subtokenize@https://registry.npmjs.org/micromark-util-subtokenize/-/micromark-util-subtokenize-2.1.0.tgz. Extracting by manifest.
444 silly tarball no local data for micromark-util-types@https://registry.npmjs.org/micromark-util-types/-/micromark-util-types-2.0.2.tgz. Extracting by manifest.
445 silly tarball no local data for decode-named-character-reference@https://registry.npmjs.org/decode-named-character-reference/-/decode-named-character-reference-1.3.0.tgz. Extracting by manifest.
446 silly tarball no local data for string-width@https://registry.npmjs.org/string-width/-/string-width-8.1.0.tgz. Extracting by manifest.
447 silly tarball no local data for micromark-extension-math@https://registry.npmjs.org/micromark-extension-math/-/micromark-extension-math-3.1.0.tgz. Extracting by manifest.
448 silly tarball no local data for micromark-extension-gfm-table@https://registry.npmjs.org/micromark-extension-gfm-table/-/micromark-extension-gfm-table-2.1.1.tgz. Extracting by manifest.
449 silly tarball no local data for micromark-extension-gfm-footnote@https://registry.npmjs.org/micromark-extension-gfm-footnote/-/micromark-extension-gfm-footnote-2.1.0.tgz. Extracting by manifest.
450 silly tarball no local data for micromark-core-commonmark@https://registry.npmjs.org/micromark-core-commonmark/-/micromark-core-commonmark-2.0.3.tgz. Extracting by manifest.
451 silly tarball no local data for micromark-extension-directive@https://registry.npmjs.org/micromark-extension-directive/-/micromark-extension-directive-4.0.0.tgz. Extracting by manifest.
452 silly tarball no local data for uc.micro@https://registry.npmjs.org/uc.micro/-/uc.micro-2.1.0.tgz. Extracting by manifest.
453 silly tarball no local data for micromark-extension-gfm-autolink-literal@https://registry.npmjs.org/micromark-extension-gfm-autolink-literal/-/micromark-extension-gfm-autolink-literal-2.1.0.tgz. Extracting by manifest.
454 silly tarball no local data for linkify-it@https://registry.npmjs.org/linkify-it/-/linkify-it-5.0.1.tgz. Extracting by manifest.
455 silly tarball no local data for micromark@https://registry.npmjs.org/micromark/-/micromark-4.0.2.tgz. Extracting by manifest.
456 silly tarball no local data for @types/debug@https://registry.npmjs.org/@types/debug/-/debug-4.1.13.tgz. Extracting by manifest.
457 silly tarball no local data for entities@https://registry.npmjs.org/entities/-/entities-4.5.0.tgz. Extracting by manifest.
458 silly tarball no local data for mdurl@https://registry.npmjs.org/mdurl/-/mdurl-2.0.0.tgz. Extracting by manifest.
459 silly tarball no local data for argparse@https://registry.npmjs.org/argparse/-/argparse-2.0.1.tgz. Extracting by manifest.
460 silly tarball no local data for reusify@https://registry.npmjs.org/reusify/-/reusify-1.1.0.tgz. Extracting by manifest.
461 silly tarball no local data for fastq@https://registry.npmjs.org/fastq/-/fastq-1.20.1.tgz. Extracting by manifest.
462 silly tarball no local data for run-parallel@https://registry.npmjs.org/run-parallel/-/run-parallel-1.2.0.tgz. Extracting by manifest.
463 silly tarball no local data for @nodelib/fs.scandir@https://registry.npmjs.org/@nodelib/fs.scandir/-/fs.scandir-2.1.5.tgz. Extracting by manifest.
464 silly tarball no local data for is-glob@https://registry.npmjs.org/is-glob/-/is-glob-4.0.3.tgz. Extracting by manifest.
465 silly tarball no local data for merge2@https://registry.npmjs.org/merge2/-/merge2-1.4.1.tgz. Extracting by manifest.
466 silly tarball no local data for @nodelib/fs.walk@https://registry.npmjs.org/@nodelib/fs.walk/-/fs.walk-1.2.8.tgz. Extracting by manifest.
467 silly tarball no local data for is-extglob@https://registry.npmjs.org/is-extglob/-/is-extglob-2.1.1.tgz. Extracting by manifest.
468 silly tarball no local data for punycode.js@https://registry.npmjs.org/punycode.js/-/punycode.js-2.3.1.tgz. Extracting by manifest.
469 silly tarball no local data for glob-parent@https://registry.npmjs.org/glob-parent/-/glob-parent-5.1.2.tgz. Extracting by manifest.
470 silly tarball no local data for @nodelib/fs.stat@https://registry.npmjs.org/@nodelib/fs.stat/-/fs.stat-2.0.5.tgz. Extracting by manifest.
471 silly tarball no local data for @sindresorhus/merge-streams@https://registry.npmjs.org/@sindresorhus/merge-streams/-/merge-streams-4.0.0.tgz. Extracting by manifest.
472 silly tarball no local data for slash@https://registry.npmjs.org/slash/-/slash-5.1.0.tgz. Extracting by manifest.
473 silly tarball no local data for unicorn-magic@https://registry.npmjs.org/unicorn-magic/-/unicorn-magic-0.4.0.tgz. Extracting by manifest.
474 silly tarball no local data for ignore@https://registry.npmjs.org/ignore/-/ignore-7.0.5.tgz. Extracting by manifest.
475 silly tarball no local data for markdown-it@https://registry.npmjs.org/markdown-it/-/markdown-it-14.1.1.tgz. Extracting by manifest.
476 silly tarball no local data for micromatch@https://registry.npmjs.org/micromatch/-/micromatch-4.0.8.tgz. Extracting by manifest.
477 silly tarball no local data for jsonpointer@https://registry.npmjs.org/jsonpointer/-/jsonpointer-5.0.1.tgz. Extracting by manifest.
478 silly tarball no local data for is-path-inside@https://registry.npmjs.org/is-path-inside/-/is-path-inside-4.0.0.tgz. Extracting by manifest.
479 silly tarball no local data for markdownlint-cli2-formatter-default@https://registry.npmjs.org/markdownlint-cli2-formatter-default/-/markdownlint-cli2-formatter-default-0.0.6.tgz. Extracting by manifest.
480 silly tarball no local data for markdownlint@https://registry.npmjs.org/markdownlint/-/markdownlint-0.40.0.tgz. Extracting by manifest.
481 silly tarball no local data for jsonc-parser@https://registry.npmjs.org/jsonc-parser/-/jsonc-parser-3.3.1.tgz. Extracting by manifest.
482 silly tarball no local data for fast-glob@https://registry.npmjs.org/fast-glob/-/fast-glob-3.3.3.tgz. Extracting by manifest.
483 silly tarball no local data for smol-toml@https://registry.npmjs.org/smol-toml/-/smol-toml-1.6.1.tgz. Extracting by manifest.
484 silly tarball no local data for js-yaml@https://registry.npmjs.org/js-yaml/-/js-yaml-4.1.1.tgz. Extracting by manifest.
485 silly tarball no local data for globby@https://registry.npmjs.org/globby/-/globby-16.2.0.tgz. Extracting by manifest.
486 silly tarball no local data for markdownlint-cli2@https://registry.npmjs.org/markdownlint-cli2/-/markdownlint-cli2-0.22.1.tgz. Extracting by manifest.
487 http fetch GET 200 https://registry.npmjs.org/ansi-regex/-/ansi-regex-6.2.2.tgz 65ms (cache miss)
488 timing reifyNode:node_modules/ansi-regex Completed in 77ms
489 http fetch POST 200 https://registry.npmjs.org/-/npm/v1/security/advisories/bulk 105ms
490 timing auditReport:getReport Completed in 107ms
491 silly audit report {}
492 timing auditReport:init Completed in 0ms
493 timing reify:audit Completed in 107ms
494 http fetch GET 200 https://registry.npmjs.org/character-entities-legacy/-/character-entities-legacy-3.0.0.tgz 93ms (cache miss)
495 timing reifyNode:node_modules/character-entities-legacy Completed in 106ms
496 http fetch GET 200 https://registry.npmjs.org/strip-ansi/-/strip-ansi-7.2.0.tgz 95ms (cache miss)
497 timing reifyNode:node_modules/strip-ansi Completed in 107ms
498 http fetch GET 200 https://registry.npmjs.org/is-alphabetical/-/is-alphabetical-2.0.1.tgz 94ms (cache miss)
499 timing reifyNode:node_modules/is-alphabetical Completed in 107ms
500 http fetch GET 200 https://registry.npmjs.org/is-hexadecimal/-/is-hexadecimal-2.0.1.tgz 94ms (cache miss)
501 timing reifyNode:node_modules/is-hexadecimal Completed in 107ms
502 http fetch GET 200 https://registry.npmjs.org/is-number/-/is-number-7.0.0.tgz 95ms (cache miss)
503 timing reifyNode:node_modules/is-number Completed in 107ms
504 http fetch GET 200 https://registry.npmjs.org/is-decimal/-/is-decimal-2.0.1.tgz 94ms (cache miss)
505 timing reifyNode:node_modules/is-decimal Completed in 107ms
506 http fetch GET 200 https://registry.npmjs.org/character-reference-invalid/-/character-reference-invalid-2.0.1.tgz 94ms (cache miss)
507 timing reifyNode:node_modules/character-reference-invalid Completed in 107ms
508 http fetch GET 200 https://registry.npmjs.org/fill-range/-/fill-range-7.1.1.tgz 93ms (cache miss)
509 timing reifyNode:node_modules/fill-range Completed in 107ms
510 http fetch GET 200 https://registry.npmjs.org/braces/-/braces-3.0.3.tgz 94ms (cache miss)
511 timing reifyNode:node_modules/braces Completed in 108ms
512 http fetch GET 200 https://registry.npmjs.org/is-alphanumerical/-/is-alphanumerical-2.0.1.tgz 95ms (cache miss)
513 timing reifyNode:node_modules/is-alphanumerical Completed in 108ms
514 http fetch GET 200 https://registry.npmjs.org/queue-microtask/-/queue-microtask-1.2.3.tgz 96ms (cache miss)
515 timing reifyNode:node_modules/queue-microtask Completed in 108ms
516 http fetch GET 200 https://registry.npmjs.org/to-regex-range/-/to-regex-range-5.0.1.tgz 95ms (cache miss)
517 timing reifyNode:node_modules/to-regex-range Completed in 108ms
518 http fetch GET 200 https://registry.npmjs.org/@types/unist/-/unist-2.0.11.tgz 95ms (cache miss)
519 timing reifyNode:node_modules/@types/unist Completed in 108ms
520 http fetch GET 200 https://registry.npmjs.org/micromark-factory-whitespace/-/micromark-factory-whitespace-2.0.1.tgz 126ms (cache miss)
521 timing reifyNode:node_modules/micromark-factory-whitespace Completed in 140ms
522 http fetch GET 200 https://registry.npmjs.org/micromark-util-classify-character/-/micromark-util-classify-character-2.0.1.tgz 126ms (cache miss)
523 timing reifyNode:node_modules/micromark-util-classify-character Completed in 140ms
524 http fetch GET 200 https://registry.npmjs.org/get-east-asian-width/-/get-east-asian-width-1.6.0.tgz 127ms (cache miss)
525 timing reifyNode:node_modules/get-east-asian-width Completed in 141ms
526 http fetch GET 200 https://registry.npmjs.org/micromark-util-html-tag-name/-/micromark-util-html-tag-name-2.0.1.tgz 131ms (cache miss)
527 timing reifyNode:node_modules/micromark-util-html-tag-name Completed in 145ms
528 http fetch GET 200 https://registry.npmjs.org/micromark-factory-title/-/micromark-factory-title-2.0.1.tgz 130ms (cache miss)
529 timing reifyNode:node_modules/micromark-factory-title Completed in 145ms
530 http fetch GET 200 https://registry.npmjs.org/parse-entities/-/parse-entities-4.0.2.tgz 132ms (cache miss)
531 timing reifyNode:node_modules/parse-entities Completed in 146ms
532 http fetch GET 200 https://registry.npmjs.org/micromark-factory-destination/-/micromark-factory-destination-2.0.1.tgz 131ms (cache miss)
533 timing reifyNode:node_modules/micromark-factory-destination Completed in 145ms
534 http fetch GET 200 https://registry.npmjs.org/ms/-/ms-2.1.3.tgz 146ms (cache miss)
535 timing reifyNode:node_modules/ms Completed in 160ms
536 http fetch GET 200 https://registry.npmjs.org/dequal/-/dequal-2.0.3.tgz 146ms (cache miss)
537 timing reifyNode:node_modules/dequal Completed in 160ms
538 http fetch GET 200 https://registry.npmjs.org/commander/-/commander-8.3.0.tgz 147ms (cache miss)
539 timing reifyNode:node_modules/commander Completed in 161ms
540 http fetch GET 200 https://registry.npmjs.org/@types/katex/-/katex-0.16.8.tgz 148ms (cache miss)
541 timing reifyNode:node_modules/@types/katex Completed in 162ms
542 http fetch GET 200 https://registry.npmjs.org/picomatch/-/picomatch-2.3.2.tgz 148ms (cache miss)
543 timing reifyNode:node_modules/picomatch Completed in 162ms
544 http fetch GET 200 https://registry.npmjs.org/character-entities/-/character-entities-2.0.2.tgz 147ms (cache miss)
545 timing reifyNode:node_modules/character-entities Completed in 162ms
546 http fetch GET 200 https://registry.npmjs.org/@types/ms/-/ms-2.1.0.tgz 158ms (cache miss)
547 timing reifyNode:node_modules/@types/ms Completed in 172ms
548 http fetch GET 200 https://registry.npmjs.org/micromark-util-sanitize-uri/-/micromark-util-sanitize-uri-2.0.1.tgz 161ms (cache miss)
549 timing reifyNode:node_modules/micromark-util-sanitize-uri Completed in 175ms
550 http fetch GET 200 https://registry.npmjs.org/micromark-factory-label/-/micromark-factory-label-2.0.1.tgz 169ms (cache miss)
551 timing reifyNode:node_modules/micromark-factory-label Completed in 183ms
552 http fetch GET 200 https://registry.npmjs.org/micromark-util-symbol/-/micromark-util-symbol-2.0.1.tgz 178ms (cache miss)
553 http fetch GET 200 https://registry.npmjs.org/micromark-util-decode-numeric-character-reference/-/micromark-util-decode-numeric-character-reference-2.0.2.tgz 177ms (cache miss)
554 timing reifyNode:node_modules/micromark-util-decode-numeric-character-reference Completed in 192ms
555 http fetch GET 200 https://registry.npmjs.org/micromark-util-resolve-all/-/micromark-util-resolve-all-2.0.1.tgz 179ms (cache miss)
556 timing reifyNode:node_modules/micromark-util-resolve-all Completed in 193ms
557 http fetch GET 200 https://registry.npmjs.org/micromark-util-combine-extensions/-/micromark-util-combine-extensions-2.0.1.tgz 181ms (cache miss)
558 timing reifyNode:node_modules/micromark-util-combine-extensions Completed in 196ms
559 timing reifyNode:node_modules/micromark-util-symbol Completed in 196ms
560 http fetch GET 200 https://registry.npmjs.org/micromark-util-normalize-identifier/-/micromark-util-normalize-identifier-2.0.1.tgz 182ms (cache miss)
561 timing reifyNode:node_modules/micromark-util-normalize-identifier Completed in 196ms
562 http fetch GET 200 https://registry.npmjs.org/micromark-util-encode/-/micromark-util-encode-2.0.1.tgz 198ms (cache miss)
563 timing reifyNode:node_modules/micromark-util-encode Completed in 213ms
564 http fetch GET 200 https://registry.npmjs.org/micromark-util-character/-/micromark-util-character-2.1.1.tgz 199ms (cache miss)
565 timing reifyNode:node_modules/micromark-util-character Completed in 214ms
566 http fetch GET 200 https://registry.npmjs.org/micromark-factory-space/-/micromark-factory-space-2.0.1.tgz 199ms (cache miss)
567 timing reifyNode:node_modules/micromark-factory-space Completed in 214ms
568 http fetch GET 200 https://registry.npmjs.org/micromark-util-chunked/-/micromark-util-chunked-2.0.1.tgz 202ms (cache miss)
569 timing reifyNode:node_modules/micromark-util-chunked Completed in 217ms
570 http fetch GET 200 https://registry.npmjs.org/devlop/-/devlop-1.1.0.tgz 202ms (cache miss)
571 timing reifyNode:node_modules/devlop Completed in 217ms
572 http fetch GET 200 https://registry.npmjs.org/debug/-/debug-4.4.3.tgz 202ms (cache miss)
573 timing reifyNode:node_modules/debug Completed in 217ms
574 http fetch GET 200 https://registry.npmjs.org/micromark-util-types/-/micromark-util-types-2.0.2.tgz 217ms (cache miss)
575 timing reifyNode:node_modules/micromark-util-types Completed in 232ms
576 http fetch GET 200 https://registry.npmjs.org/decode-named-character-reference/-/decode-named-character-reference-1.3.0.tgz 227ms (cache miss)
577 timing reifyNode:node_modules/decode-named-character-reference Completed in 243ms
578 http fetch GET 200 https://registry.npmjs.org/string-width/-/string-width-8.1.0.tgz 229ms (cache miss)
579 timing reifyNode:node_modules/string-width Completed in 245ms
580 http fetch GET 200 https://registry.npmjs.org/micromark-util-subtokenize/-/micromark-util-subtokenize-2.1.0.tgz 234ms (cache miss)
581 timing reifyNode:node_modules/micromark-util-subtokenize Completed in 250ms
582 http fetch GET 200 https://registry.npmjs.org/micromark-extension-math/-/micromark-extension-math-3.1.0.tgz 236ms (cache miss)
583 timing reifyNode:node_modules/micromark-extension-math Completed in 253ms
584 http fetch GET 200 https://registry.npmjs.org/micromark-extension-gfm-table/-/micromark-extension-gfm-table-2.1.1.tgz 240ms (cache miss)
585 timing reifyNode:node_modules/micromark-extension-gfm-table Completed in 256ms
586 http fetch GET 200 https://registry.npmjs.org/micromark-extension-gfm-footnote/-/micromark-extension-gfm-footnote-2.1.0.tgz 241ms (cache miss)
587 timing reifyNode:node_modules/micromark-extension-gfm-footnote Completed in 257ms
588 http fetch GET 200 https://registry.npmjs.org/uc.micro/-/uc.micro-2.1.0.tgz 251ms (cache miss)
589 timing reifyNode:node_modules/uc.micro Completed in 268ms
590 http fetch GET 200 https://registry.npmjs.org/micromark-extension-directive/-/micromark-extension-directive-4.0.0.tgz 259ms (cache miss)
591 timing reifyNode:node_modules/micromark-extension-directive Completed in 275ms
592 http fetch GET 200 https://registry.npmjs.org/linkify-it/-/linkify-it-5.0.1.tgz 274ms (cache miss)
593 timing reifyNode:node_modules/linkify-it Completed in 290ms
594 http fetch GET 200 https://registry.npmjs.org/micromark-extension-gfm-autolink-literal/-/micromark-extension-gfm-autolink-literal-2.1.0.tgz 275ms (cache miss)
595 timing reifyNode:node_modules/micromark-extension-gfm-autolink-literal Completed in 292ms
596 http fetch GET 200 https://registry.npmjs.org/@types/debug/-/debug-4.1.13.tgz 276ms (cache miss)
597 timing reifyNode:node_modules/@types/debug Completed in 292ms
598 http fetch GET 200 https://registry.npmjs.org/micromark-core-commonmark/-/micromark-core-commonmark-2.0.3.tgz 278ms (cache miss)
599 timing reifyNode:node_modules/micromark-core-commonmark Completed in 295ms
600 http fetch GET 200 https://registry.npmjs.org/reusify/-/reusify-1.1.0.tgz 283ms (cache miss)
601 timing reifyNode:node_modules/reusify Completed in 301ms
602 http fetch GET 200 https://registry.npmjs.org/micromark/-/micromark-4.0.2.tgz 292ms (cache miss)
603 timing reifyNode:node_modules/micromark Completed in 310ms
604 http fetch GET 200 https://registry.npmjs.org/argparse/-/argparse-2.0.1.tgz 294ms (cache miss)
605 http fetch GET 200 https://registry.npmjs.org/mdurl/-/mdurl-2.0.0.tgz 294ms (cache miss)
606 timing reifyNode:node_modules/mdurl Completed in 311ms
607 timing reifyNode:node_modules/argparse Completed in 311ms
608 http fetch GET 200 https://registry.npmjs.org/entities/-/entities-4.5.0.tgz 298ms (cache miss)
609 timing reifyNode:node_modules/entities Completed in 315ms
610 http fetch GET 200 https://registry.npmjs.org/katex/-/katex-0.16.47.tgz 311ms (cache miss)
611 timing reifyNode:node_modules/katex Completed in 325ms
612 http fetch GET 200 https://registry.npmjs.org/is-glob/-/is-glob-4.0.3.tgz 308ms (cache miss)
613 timing reifyNode:node_modules/is-glob Completed in 325ms
614 http fetch GET 200 https://registry.npmjs.org/merge2/-/merge2-1.4.1.tgz 310ms (cache miss)
615 timing reifyNode:node_modules/merge2 Completed in 327ms
616 http fetch GET 200 https://registry.npmjs.org/run-parallel/-/run-parallel-1.2.0.tgz 310ms (cache miss)
617 timing reifyNode:node_modules/run-parallel Completed in 327ms
618 http fetch GET 200 https://registry.npmjs.org/fastq/-/fastq-1.20.1.tgz 316ms (cache miss)
619 timing reifyNode:node_modules/fastq Completed in 334ms
620 http fetch GET 200 https://registry.npmjs.org/@nodelib/fs.scandir/-/fs.scandir-2.1.5.tgz 321ms (cache miss)
621 timing reifyNode:node_modules/@nodelib/fs.scandir Completed in 338ms
622 http fetch GET 200 https://registry.npmjs.org/@nodelib/fs.walk/-/fs.walk-1.2.8.tgz 335ms (cache miss)
623 timing reifyNode:node_modules/@nodelib/fs.walk Completed in 352ms
624 http fetch GET 200 https://registry.npmjs.org/slash/-/slash-5.1.0.tgz 348ms (cache miss)
625 timing reifyNode:node_modules/slash Completed in 366ms
626 http fetch GET 200 https://registry.npmjs.org/unicorn-magic/-/unicorn-magic-0.4.0.tgz 349ms (cache miss)
627 timing reifyNode:node_modules/unicorn-magic Completed in 367ms
628 http fetch GET 200 https://registry.npmjs.org/is-extglob/-/is-extglob-2.1.1.tgz 350ms (cache miss)
629 timing reifyNode:node_modules/is-extglob Completed in 368ms
630 http fetch GET 200 https://registry.npmjs.org/punycode.js/-/punycode.js-2.3.1.tgz 351ms (cache miss)
631 timing reifyNode:node_modules/punycode.js Completed in 368ms
632 http fetch GET 200 https://registry.npmjs.org/glob-parent/-/glob-parent-5.1.2.tgz 350ms (cache miss)
633 timing reifyNode:node_modules/glob-parent Completed in 368ms
634 http fetch GET 200 https://registry.npmjs.org/jsonpointer/-/jsonpointer-5.0.1.tgz 354ms (cache miss)
635 timing reifyNode:node_modules/jsonpointer Completed in 374ms
636 http fetch GET 200 https://registry.npmjs.org/micromatch/-/micromatch-4.0.8.tgz 372ms (cache miss)
637 timing reifyNode:node_modules/micromatch Completed in 392ms
638 http fetch GET 200 https://registry.npmjs.org/@sindresorhus/merge-streams/-/merge-streams-4.0.0.tgz 376ms (cache miss)
639 timing reifyNode:node_modules/@sindresorhus/merge-streams Completed in 394ms
640 http fetch GET 200 https://registry.npmjs.org/is-path-inside/-/is-path-inside-4.0.0.tgz 374ms (cache miss)
641 timing reifyNode:node_modules/is-path-inside Completed in 394ms
642 http fetch GET 200 https://registry.npmjs.org/ignore/-/ignore-7.0.5.tgz 374ms (cache miss)
643 timing reifyNode:node_modules/ignore Completed in 394ms
644 http fetch GET 200 https://registry.npmjs.org/markdownlint-cli2-formatter-default/-/markdownlint-cli2-formatter-default-0.0.6.tgz 374ms (cache miss)
645 timing reifyNode:node_modules/markdownlint-cli2-formatter-default Completed in 394ms
646 http fetch GET 200 https://registry.npmjs.org/@nodelib/fs.stat/-/fs.stat-2.0.5.tgz 377ms (cache miss)
647 timing reifyNode:node_modules/@nodelib/fs.stat Completed in 395ms
648 http fetch GET 200 https://registry.npmjs.org/markdown-it/-/markdown-it-14.1.1.tgz 393ms (cache miss)
649 http fetch GET 200 https://registry.npmjs.org/jsonc-parser/-/jsonc-parser-3.3.1.tgz 392ms (cache miss)
650 timing reifyNode:node_modules/jsonc-parser Completed in 413ms
651 timing reifyNode:node_modules/markdown-it Completed in 413ms
652 http fetch GET 200 https://registry.npmjs.org/fast-glob/-/fast-glob-3.3.3.tgz 400ms (cache miss)
653 timing reifyNode:node_modules/fast-glob Completed in 421ms
654 http fetch GET 200 https://registry.npmjs.org/smol-toml/-/smol-toml-1.6.1.tgz 408ms (cache miss)
655 timing reifyNode:node_modules/smol-toml Completed in 429ms
656 http fetch GET 200 https://registry.npmjs.org/globby/-/globby-16.2.0.tgz 405ms (cache miss)
657 timing reifyNode:node_modules/globby Completed in 430ms
658 http fetch GET 200 https://registry.npmjs.org/markdownlint-cli2/-/markdownlint-cli2-0.22.1.tgz 405ms (cache miss)
659 timing reifyNode:node_modules/markdownlint-cli2 Completed in 434ms
660 http fetch GET 200 https://registry.npmjs.org/markdownlint/-/markdownlint-0.40.0.tgz 433ms (cache miss)
661 timing reifyNode:node_modules/markdownlint Completed in 453ms
662 http fetch GET 200 https://registry.npmjs.org/js-yaml/-/js-yaml-4.1.1.tgz 433ms (cache miss)
663 timing reifyNode:node_modules/js-yaml Completed in 457ms
664 timing reify:unpack Completed in 458ms
665 timing reify:unretire Completed in 0ms
666 timing build:queue Completed in 2ms
667 timing build:link:node_modules/js-yaml Completed in 2ms
668 timing build:link:node_modules/markdownlint-cli2 Completed in 2ms
669 timing build:link:node_modules/markdown-it Completed in 2ms
670 timing build:link:node_modules/katex Completed in 2ms
671 timing build:link Completed in 2ms
672 timing build:deps Completed in 4ms
673 timing build Completed in 4ms
674 timing reify:build Completed in 4ms
675 timing reify:trash Completed in 0ms
676 timing reify:save Completed in 14ms
677 timing reify Completed in 1978ms
678 timing command:exec Completed in 3980ms
679 notice
679 notice New major version of npm available! 10.2.3 -> 11.16.0
679 notice Changelog: <https://github.com/npm/cli/releases/tag/v11.16.0>
679 notice Run `npm install -g npm@11.16.0` to update!
679 notice
680 verbose exit 1
681 timing npm Completed in 4107ms
682 verbose code 1
